[debug] [2021-05-26T15:58:04.760Z] ----------------------------------------------------------------------
[debug] [2021-05-26T15:58:04.763Z] Command:       C:\Program Files\nodejs\node.exe C:\Users\Administrator\AppData\Roaming\npm\node_modules\firebase-tools\lib\bin\firebase.js deploy
[debug] [2021-05-26T15:58:04.763Z] CLI Version:   9.11.0
[debug] [2021-05-26T15:58:04.763Z] Platform:      win32
[debug] [2021-05-26T15:58:04.763Z] Node Version:  v14.15.4
[debug] [2021-05-26T15:58:04.765Z] Time:          Wed May 26 2021 23:58:04 GMT+0800 (中国标准时间)
[debug] [2021-05-26T15:58:04.766Z] ----------------------------------------------------------------------
[debug] 
[debug] [2021-05-26T15:58:04.769Z] >>> [apiv2][query] GET https://firebase-public.firebaseio.com/cli.json [none]
[debug] [2021-05-26T15:58:04.804Z] > command requires scopes: ["email","openid","https://www.googleapis.com/auth/cloudplatformprojects.readonly","https://www.googleapis.com/auth/firebase","https://www.googleapis.com/auth/cloud-platform"]
[debug] [2021-05-26T15:58:04.804Z] > authorizing via signed-in user (hexxx992@gmail.com)
[debug] [2021-05-26T15:58:04.805Z] [iam] checking project remoteup-22a06 for permissions ["firebase.projects.get","firebasedatabase.instances.update","firebasehosting.sites.update","firebaserules.releases.create","firebaserules.releases.update","firebaserules.rulesets.create"]
[debug] [2021-05-26T15:58:04.806Z] > refreshing access token with scopes: ["email","https://www.googleapis.com/auth/cloud-platform","https://www.googleapis.com/auth/cloudplatformprojects.readonly","https://www.googleapis.com/auth/firebase","openid"]
[debug] [2021-05-26T15:58:04.807Z] >>> HTTP REQUEST POST https://www.googleapis.com/oauth2/v3/token  
 <request body omitted>
[debug] [2021-05-26T15:58:05.963Z] <<< HTTP RESPONSE 200 {"cache-control":"no-cache, no-store, max-age=0, must-revalidate","date":"Wed, 26 May 2021 15:58:04 GMT","expires":"Mon, 01 Jan 1990 00:00:00 GMT","pragma":"no-cache","content-type":"application/json; charset=utf-8","vary":"X-Origin, Referer, Origin,Accept-Encoding","server":"scaffolding on HTTPServer2","x-xss-protection":"0","x-frame-options":"SAMEORIGIN","x-content-type-options":"nosniff","alt-svc":"h3-29=\":443\"; ma=2592000,h3-T051=\":443\"; ma=2592000,h3-Q050=\":443\"; ma=2592000,h3-Q046=\":443\"; ma=2592000,h3-Q043=\":443\"; ma=2592000,quic=\":443\"; ma=2592000; v=\"46,43\"","accept-ranges":"none","transfer-encoding":"chunked"}
[debug] [2021-05-26T15:58:06.039Z] >>> HTTP REQUEST POST https://cloudresourcemanager.googleapis.com/v1/projects/remoteup-22a06:testIamPermissions  
 {"permissions":["firebase.projects.get","firebasedatabase.instances.update","firebasehosting.sites.update","firebaserules.releases.create","firebaserules.releases.update","firebaserules.rulesets.create"]}
[debug] [2021-05-26T15:58:16.578Z] [iam] error while checking permissions, command may fail: FirebaseError: Server Error. Client network socket disconnected before secure TLS connection was established
[debug] [2021-05-26T15:58:16.579Z] > refreshing access token with scopes: []
[debug] [2021-05-26T15:58:16.579Z] >>> HTTP REQUEST POST https://www.googleapis.com/oauth2/v3/token  
 <request body omitted>
[debug] [2021-05-26T15:58:17.438Z] <<< HTTP RESPONSE 200 {"cache-control":"no-cache, no-store, max-age=0, must-revalidate","expires":"Mon, 01 Jan 1990 00:00:00 GMT","date":"Wed, 26 May 2021 15:58:16 GMT","pragma":"no-cache","content-type":"application/json; charset=utf-8","vary":"X-Origin, Referer, Origin,Accept-Encoding","server":"scaffolding on HTTPServer2","x-xss-protection":"0","x-frame-options":"SAMEORIGIN","x-content-type-options":"nosniff","alt-svc":"h3-29=\":443\"; ma=2592000,h3-T051=\":443\"; ma=2592000,h3-Q050=\":443\"; ma=2592000,h3-Q046=\":443\"; ma=2592000,h3-Q043=\":443\"; ma=2592000,quic=\":443\"; ma=2592000; v=\"46,43\"","accept-ranges":"none","transfer-encoding":"chunked"}
[debug] [2021-05-26T15:58:17.514Z] >>> [apiv2][query] GET https://firebase.googleapis.com/v1beta1/projects/remoteup-22a06 [none]
